<?xml version="1.0" encoding="utf-8"?>
<log version="1.0" tool="runtool">

<msg id="1" tool="runtool">
  <type>log-start</type>
  <arg>2020/04/19 16:12:17</arg>
</msg>
<msg id="2" tool="runtool">
  <type>collector-starts</type>
</msg>
<msg id="3" tool="runtool">
  <type>marker-file</type>
  <arg>C:\Users\77swi\OneDrive\STUDY_MORE\Master - IKW\Numeryka Kwantowa\BudowaBazy\BudowaBazy\My Inspector Results - BudowaBazy\r003mi3\r003mi3.inspxe</arg>
</msg>
<msg id="4" tool="mc">
  <type>EXEC_OF_INTEREST</type>
  <arg>c:\users\77swi\onedrive\study_more\master - ikw\numeryka kwantowa\budowabazy\x64\debug\budowabazy.exe</arg>
  <arg>13120</arg>
  <severity>INFO</severity>
  <timestamp>Sun Apr 19 16:12:17 2020</timestamp>
</msg>
<msg id="5" tool="mc">
  <type>MODULE_LOAD</type>
  <arg>c:\users\77swi\onedrive\study_more\master - ikw\numeryka kwantowa\budowabazy\x64\debug\budowabazy.exe</arg>
  <arg>0x7ff7069b0000</arg>
  <arg>0x7ff706b60fff</arg>
  <severity>INFO</severity>
  <timestamp>Sun Apr 19 16:12:17 2020</timestamp>
</msg>
<msg id="6" tool="mc">
  <type>MODULE_LOAD</type>
  <arg>c:\windows\system32\kernelbase.dll</arg>
  <arg>0x7ffe7a830000</arg>
  <arg>0x7ffe7aad2fff</arg>
  <severity>INFO</severity>
  <timestamp>Sun Apr 19 16:12:17 2020</timestamp>
</msg>
<msg id="7" tool="mc">
  <type>MODULE_LOAD</type>
  <arg>c:\windows\system32\kernel32.dll</arg>
  <arg>0x7ffe7c730000</arg>
  <arg>0x7ffe7c7e1fff</arg>
  <severity>INFO</severity>
  <timestamp>Sun Apr 19 16:12:17 2020</timestamp>
</msg>
<msg id="8" tool="mc">
  <type>MODULE_LOAD</type>
  <arg>c:\windows\system32\ntdll.dll</arg>
  <arg>0x7ffe7d8a0000</arg>
  <arg>0x7ffe7da8ffff</arg>
  <severity>INFO</severity>
  <timestamp>Sun Apr 19 16:12:18 2020</timestamp>
</msg>
<msg id="9" tool="mc">
  <type>MODULE_LOAD</type>
  <arg>c:\windows\system32\msvcp140d.dll</arg>
  <arg>0x7ffdf3b10000</arg>
  <arg>0x7ffdf3bf6fff</arg>
  <severity>INFO</severity>
  <timestamp>Sun Apr 19 16:12:19 2020</timestamp>
</msg>
<msg id="10" tool="mc">
  <type>MODULE_LOAD_NO_ANALYSIS</type>
  <arg>c:\program files (x86)\intelswtools\compilers_and_libraries_2020\windows\redist\intel64\compiler\libiomp5md.dll</arg>
  <arg>0x7ffdf3910000</arg>
  <arg>0x7ffdf3b0ffff</arg>
  <severity>INFO</severity>
  <timestamp>Sun Apr 19 16:12:19 2020</timestamp>
</msg>
<msg id="11" tool="mc">
  <type>MODULE_LOAD_NO_ANALYSIS</type>
  <arg>c:\program files (x86)\intelswtools\compilers_and_libraries_2020.0.166\windows\redist\intel64\mkl\mkl_core.dll</arg>
  <arg>0x7ffde4750000</arg>
  <arg>0x7ffde8b7afff</arg>
  <severity>INFO</severity>
  <timestamp>Sun Apr 19 16:12:19 2020</timestamp>
</msg>
<msg id="12" tool="mc">
  <type>MODULE_LOAD</type>
  <arg>c:\program files (x86)\intelswtools\compilers_and_libraries_2020.0.166\windows\redist\intel64\mkl\mkl_intel_thread.dll</arg>
  <arg>0x7ffdeaf10000</arg>
  <arg>0x7ffdece72fff</arg>
  <severity>INFO</severity>
  <timestamp>Sun Apr 19 16:12:19 2020</timestamp>
</msg>
<msg id="13" tool="mc">
  <type>MODULE_LOAD</type>
  <arg>c:\windows\system32\vcruntime140d.dll</arg>
  <arg>0x7ffe11e50000</arg>
  <arg>0x7ffe11e79fff</arg>
  <severity>INFO</severity>
  <timestamp>Sun Apr 19 16:12:19 2020</timestamp>
</msg>
<msg id="14" tool="mc">
  <type>MODULE_LOAD</type>
  <arg>c:\windows\system32\vcruntime140_1d.dll</arg>
  <arg>0x7ffe5de10000</arg>
  <arg>0x7ffe5de1efff</arg>
  <severity>INFO</severity>
  <timestamp>Sun Apr 19 16:12:19 2020</timestamp>
</msg>
<msg id="15" tool="mc">
  <type>MODULE_LOAD</type>
  <arg>c:\windows\system32\ucrtbased.dll</arg>
  <arg>0x7ffdf3740000</arg>
  <arg>0x7ffdf3902fff</arg>
  <severity>INFO</severity>
  <timestamp>Sun Apr 19 16:12:19 2020</timestamp>
</msg>
<msg id="16" tool="mc">
  <type>MODULE_LOAD_NO_ANALYSIS</type>
  <arg>c:\program files (x86)\intelswtools\inspector 2020\bin64\runtime\libittnotify.dll</arg>
  <arg>0x7ffdf6ff0000</arg>
  <arg>0x7ffdf7023fff</arg>
  <severity>INFO</severity>
  <timestamp>Sun Apr 19 16:12:20 2020</timestamp>
</msg>
<msg id="17" tool="mc">
  <type>HEARTBEAT</type>
  <arg>8540,18376,9376,12456</arg>
  <arg>0,1,1,1</arg>
  <arg>56967,1846,1492,1713</arg>
  <severity>INFO</severity>
  <timestamp>Sun Apr 19 16:12:23 2020</timestamp>
</msg>
<msg id="18" tool="mc">
  <type>MODULE_LOAD</type>
  <arg>c:\program files (x86)\intelswtools\compilers_and_libraries_2020.0.166\windows\redist\intel64\mkl\libimalloc.dll</arg>
  <arg>0x2bc99a30000</arg>
  <arg>0x2bc99a33fff</arg>
  <severity>INFO</severity>
  <timestamp>Sun Apr 19 16:12:23 2020</timestamp>
</msg>
<msg id="19" tool="mc">
  <type>MODULE_UNLOAD</type>
  <arg>C:\Program Files (x86)\IntelSWTools\compilers_and_libraries_2020.0.166\windows\redist\intel64\mkl\libimalloc.dll</arg>
  <severity>INFO</severity>
  <timestamp>Sun Apr 19 16:12:23 2020</timestamp>
</msg>
<msg id="20" tool="mc">
  <type>MODULE_LOAD</type>
  <arg>c:\program files (x86)\intelswtools\compilers_and_libraries_2020.0.166\windows\redist\intel64\mkl\libimalloc.dll</arg>
  <arg>0x2bc99a30000</arg>
  <arg>0x2bc99a33fff</arg>
  <severity>INFO</severity>
  <timestamp>Sun Apr 19 16:12:23 2020</timestamp>
</msg>
<msg id="21" tool="mc">
  <type>MODULE_UNLOAD</type>
  <arg>C:\Program Files (x86)\IntelSWTools\compilers_and_libraries_2020.0.166\windows\redist\intel64\mkl\libimalloc.dll</arg>
  <severity>INFO</severity>
  <timestamp>Sun Apr 19 16:12:24 2020</timestamp>
</msg>
<msg id="22" tool="mc">
  <type>HEARTBEAT</type>
  <arg>8540,18376,9376,12456</arg>
  <arg>0,1,1,1</arg>
  <arg>15890,0,0,0</arg>
  <severity>INFO</severity>
  <timestamp>Sun Apr 19 16:12:24 2020</timestamp>
</msg>
<msg id="23" tool="mc">
  <type>THREADNAME</type>
  <arg>8540</arg>
  <arg>OMP Master Thread #0</arg>
  <severity>INFO</severity>
  <timestamp>Sun Apr 19 16:12:25 2020</timestamp>
</msg>
<msg id="24" tool="mc">
  <type>HEARTBEAT</type>
  <arg>8540,18376,9376,12456</arg>
  <arg>1,1,1,1</arg>
  <arg>13153,0,0,0</arg>
  <severity>INFO</severity>
  <timestamp>Sun Apr 19 16:12:25 2020</timestamp>
</msg>
<msg id="25" tool="mc">
  <type>MODULE_LOAD</type>
  <arg>c:\program files (x86)\intelswtools\compilers_and_libraries_2020.0.166\windows\redist\intel64\mkl\mkl_def.dll</arg>
  <arg>0x7ffde2550000</arg>
  <arg>0x7ffde4741fff</arg>
  <severity>INFO</severity>
  <timestamp>Sun Apr 19 16:12:25 2020</timestamp>
</msg>
<msg id="26" tool="mc">
  <type>MODULE_LOAD</type>
  <arg>c:\program files (x86)\intelswtools\compilers_and_libraries_2020.0.166\windows\redist\intel64\mkl\mkl_vml_def.dll</arg>
  <arg>0x7ffdf1550000</arg>
  <arg>0x7ffdf1be4fff</arg>
  <severity>INFO</severity>
  <timestamp>Sun Apr 19 16:12:25 2020</timestamp>
</msg>
<msg id="27" tool="mc">
  <type>HEARTBEAT</type>
  <arg>8540,18376,9376,12456</arg>
  <arg>0,1,1,1</arg>
  <arg>9515,0,0,0</arg>
  <severity>INFO</severity>
  <timestamp>Sun Apr 19 16:12:26 2020</timestamp>
</msg>
<msg id="28" tool="mc">
  <type>HEARTBEAT</type>
  <arg>8540,18376,9376,12456,8548,7508,10728,12168,12948,12380,13876,5364,12852,6516,9788,15832,5876,13056,16616</arg>
  <arg>0,1,1,1,0,1,1,1,1,1,1,1,1,1,1,1,1,1,1</arg>
  <arg>19602,0,0,0,455,28,33,29,29,29,28,28,28,28,31,58,23,23,23</arg>
  <severity>INFO</severity>
  <timestamp>Sun Apr 19 16:12:27 2020</timestamp>
</msg>
<msg id="29" tool="mc">
  <type>THREADNAME</type>
  <arg>8548</arg>
  <arg>OMP Worker Thread #1</arg>
  <severity>INFO</severity>
  <timestamp>Sun Apr 19 16:12:28 2020</timestamp>
</msg>
<msg id="30" tool="mc">
  <type>THREADNAME</type>
  <arg>7508</arg>
  <arg>OMP Worker Thread #2</arg>
  <severity>INFO</severity>
  <timestamp>Sun Apr 19 16:12:28 2020</timestamp>
</msg>
<msg id="31" tool="mc">
  <type>THREADNAME</type>
  <arg>10728</arg>
  <arg>OMP Worker Thread #3</arg>
  <severity>INFO</severity>
  <timestamp>Sun Apr 19 16:12:28 2020</timestamp>
</msg>
<msg id="32" tool="mc">
  <type>THREADNAME</type>
  <arg>12168</arg>
  <arg>OMP Worker Thread #4</arg>
  <severity>INFO</severity>
  <timestamp>Sun Apr 19 16:12:28 2020</timestamp>
</msg>
<msg id="33" tool="mc">
  <type>THREADNAME</type>
  <arg>12948</arg>
  <arg>OMP Worker Thread #5</arg>
  <severity>INFO</severity>
  <timestamp>Sun Apr 19 16:12:28 2020</timestamp>
</msg>
<msg id="34" tool="mc">
  <type>THREADNAME</type>
  <arg>12380</arg>
  <arg>OMP Worker Thread #6</arg>
  <severity>INFO</severity>
  <timestamp>Sun Apr 19 16:12:28 2020</timestamp>
</msg>
<msg id="35" tool="mc">
  <type>THREADNAME</type>
  <arg>13876</arg>
  <arg>OMP Worker Thread #7</arg>
  <severity>INFO</severity>
  <timestamp>Sun Apr 19 16:12:28 2020</timestamp>
</msg>
<msg id="36" tool="mc">
  <type>THREADNAME</type>
  <arg>5364</arg>
  <arg>OMP Worker Thread #8</arg>
  <severity>INFO</severity>
  <timestamp>Sun Apr 19 16:12:28 2020</timestamp>
</msg>
<msg id="37" tool="mc">
  <type>THREADNAME</type>
  <arg>12852</arg>
  <arg>OMP Worker Thread #9</arg>
  <severity>INFO</severity>
  <timestamp>Sun Apr 19 16:12:28 2020</timestamp>
</msg>
<msg id="38" tool="mc">
  <type>THREADNAME</type>
  <arg>6516</arg>
  <arg>OMP Worker Thread #10</arg>
  <severity>INFO</severity>
  <timestamp>Sun Apr 19 16:12:28 2020</timestamp>
</msg>
<msg id="39" tool="mc">
  <type>THREADNAME</type>
  <arg>9788</arg>
  <arg>OMP Worker Thread #11</arg>
  <severity>INFO</severity>
  <timestamp>Sun Apr 19 16:12:28 2020</timestamp>
</msg>
<msg id="40" tool="mc">
  <type>THREADNAME</type>
  <arg>15832</arg>
  <arg>OMP Worker Thread #12</arg>
  <severity>INFO</severity>
  <timestamp>Sun Apr 19 16:12:28 2020</timestamp>
</msg>
<msg id="41" tool="mc">
  <type>THREADNAME</type>
  <arg>5876</arg>
  <arg>OMP Worker Thread #13</arg>
  <severity>INFO</severity>
  <timestamp>Sun Apr 19 16:12:28 2020</timestamp>
</msg>
<msg id="42" tool="mc">
  <type>THREADNAME</type>
  <arg>13056</arg>
  <arg>OMP Worker Thread #14</arg>
  <severity>INFO</severity>
  <timestamp>Sun Apr 19 16:12:28 2020</timestamp>
</msg>
<msg id="43" tool="mc">
  <type>THREADNAME</type>
  <arg>16616</arg>
  <arg>OMP Worker Thread #15</arg>
  <severity>INFO</severity>
  <timestamp>Sun Apr 19 16:12:28 2020</timestamp>
</msg>
<msg id="44" tool="mc">
  <type>HEARTBEAT</type>
  <arg>8540,18376,9376,12456,8548,7508,10728,12168,12948,12380,13876,5364,12852,6516,9788,15832,5876,13056,16616</arg>
  <arg>1,1,1,1,1,1,1,0,1,1,1,1,0,1,1,1,1,1,1</arg>
  <arg>185269,0,0,0,84093,70871,56529,59442,28147,8497,8298,9418,7803,8374,8481,11230,10265,8651,8492</arg>
  <severity>INFO</severity>
  <timestamp>Sun Apr 19 16:12:28 2020</timestamp>
</msg>
<msg id="45" tool="mc">
  <type>HEARTBEAT</type>
  <arg>8540,18376,9376,12456,8548,7508,10728,12168,12948,12380,13876,5364,12852,6516,9788,15832,5876,13056,16616</arg>
  <arg>0,1,1,1,1,1,0,1,1,1,1,1,1,1,1,1,1,1,1</arg>
  <arg>648952,0,0,0,308065,252709,198824,199381,89919,30538,30098,28829,31209,30100,30662,34098,31056,31557,28552</arg>
  <severity>INFO</severity>
  <timestamp>Sun Apr 19 16:12:29 2020</timestamp>
</msg>
<msg id="46" tool="mc">
  <type>MODULE_LOAD</type>
  <arg>c:\windows\system32\kernel.appcore.dll</arg>
  <arg>0x7ffe7a7e0000</arg>
  <arg>0x7ffe7a7f0fff</arg>
  <severity>INFO</severity>
  <timestamp>Sun Apr 19 16:12:29 2020</timestamp>
</msg>
<msg id="47" tool="mc">
  <type>MODULE_LOAD</type>
  <arg>c:\windows\system32\msvcrt.dll</arg>
  <arg>0x7ffe7bb20000</arg>
  <arg>0x7ffe7bbbdfff</arg>
  <severity>INFO</severity>
  <timestamp>Sun Apr 19 16:12:29 2020</timestamp>
</msg>
<msg id="48" tool="mc">
  <type>MODULE_LOAD</type>
  <arg>c:\windows\system32\rpcrt4.dll</arg>
  <arg>0x7ffe7c0d0000</arg>
  <arg>0x7ffe7c1effff</arg>
  <severity>INFO</severity>
  <timestamp>Sun Apr 19 16:12:29 2020</timestamp>
</msg>
<msg id="49" tool="mc">
  <type>PROCESS_COMPLETE</type>
  <arg>c:\users\77swi\onedrive\study_more\master - ikw\numeryka kwantowa\budowabazy\x64\debug\budowabazy.exe</arg>
  <arg>0</arg>
  <severity>INFO</severity>
  <timestamp>Sun Apr 19 16:12:30 2020</timestamp>
</msg>
<msg id="50" tool="mc">
  <type>MODULE_UNLOAD</type>
  <arg>C:\Users\77swi\OneDrive\STUDY_MORE\Master - IKW\Numeryka Kwantowa\BudowaBazy\x64\Debug\BudowaBazy.exe</arg>
  <severity>INFO</severity>
  <timestamp>Sun Apr 19 16:12:30 2020</timestamp>
</msg>
<msg id="51" tool="mc">
  <type>MODULE_UNLOAD</type>
  <arg>C:\WINDOWS\System32\KERNELBASE.dll</arg>
  <severity>INFO</severity>
  <timestamp>Sun Apr 19 16:12:30 2020</timestamp>
</msg>
<msg id="52" tool="mc">
  <type>MODULE_UNLOAD</type>
  <arg>C:\WINDOWS\System32\KERNEL32.DLL</arg>
  <severity>INFO</severity>
  <timestamp>Sun Apr 19 16:12:30 2020</timestamp>
</msg>
<msg id="53" tool="mc">
  <type>MODULE_UNLOAD</type>
  <arg>C:\WINDOWS\SYSTEM32\ntdll.dll</arg>
  <severity>INFO</severity>
  <timestamp>Sun Apr 19 16:12:30 2020</timestamp>
</msg>
<msg id="54" tool="mc">
  <type>MODULE_UNLOAD</type>
  <arg>C:\WINDOWS\SYSTEM32\MSVCP140D.dll</arg>
  <severity>INFO</severity>
  <timestamp>Sun Apr 19 16:12:30 2020</timestamp>
</msg>
<msg id="55" tool="mc">
  <type>MODULE_UNLOAD</type>
  <arg>C:\Program Files (x86)\IntelSWTools\compilers_and_libraries_2020\windows\redist\intel64\compiler\libiomp5md.dll</arg>
  <severity>INFO</severity>
  <timestamp>Sun Apr 19 16:12:30 2020</timestamp>
</msg>
<msg id="56" tool="mc">
  <type>MODULE_UNLOAD</type>
  <arg>C:\Program Files (x86)\IntelSWTools\compilers_and_libraries_2020.0.166\windows\redist\intel64\mkl\mkl_core.dll</arg>
  <severity>INFO</severity>
  <timestamp>Sun Apr 19 16:12:30 2020</timestamp>
</msg>
<msg id="57" tool="mc">
  <type>MODULE_UNLOAD</type>
  <arg>C:\Program Files (x86)\IntelSWTools\compilers_and_libraries_2020.0.166\windows\redist\intel64\mkl\mkl_intel_thread.dll</arg>
  <severity>INFO</severity>
  <timestamp>Sun Apr 19 16:12:30 2020</timestamp>
</msg>
<msg id="58" tool="mc">
  <type>MODULE_UNLOAD</type>
  <arg>C:\WINDOWS\SYSTEM32\VCRUNTIME140D.dll</arg>
  <severity>INFO</severity>
  <timestamp>Sun Apr 19 16:12:30 2020</timestamp>
</msg>
<msg id="59" tool="mc">
  <type>MODULE_UNLOAD</type>
  <arg>C:\WINDOWS\SYSTEM32\VCRUNTIME140_1D.dll</arg>
  <severity>INFO</severity>
  <timestamp>Sun Apr 19 16:12:30 2020</timestamp>
</msg>
<msg id="60" tool="mc">
  <type>MODULE_UNLOAD</type>
  <arg>C:\WINDOWS\SYSTEM32\ucrtbased.dll</arg>
  <severity>INFO</severity>
  <timestamp>Sun Apr 19 16:12:30 2020</timestamp>
</msg>
<msg id="61" tool="mc">
  <type>MODULE_UNLOAD</type>
  <arg>C:\Program Files (x86)\IntelSWTools\Inspector 2020\bin64\runtime\libittnotify.dll</arg>
  <severity>INFO</severity>
  <timestamp>Sun Apr 19 16:12:30 2020</timestamp>
</msg>
<msg id="62" tool="mc">
  <type>MODULE_UNLOAD</type>
  <arg>C:\Program Files (x86)\IntelSWTools\compilers_and_libraries_2020.0.166\windows\redist\intel64\mkl\mkl_def.dll</arg>
  <severity>INFO</severity>
  <timestamp>Sun Apr 19 16:12:30 2020</timestamp>
</msg>
<msg id="63" tool="mc">
  <type>MODULE_UNLOAD</type>
  <arg>C:\Program Files (x86)\IntelSWTools\compilers_and_libraries_2020.0.166\windows\redist\intel64\mkl\mkl_vml_def.dll</arg>
  <severity>INFO</severity>
  <timestamp>Sun Apr 19 16:12:30 2020</timestamp>
</msg>
<msg id="64" tool="mc">
  <type>MODULE_UNLOAD</type>
  <arg>C:\WINDOWS\System32\kernel.appcore.dll</arg>
  <severity>INFO</severity>
  <timestamp>Sun Apr 19 16:12:30 2020</timestamp>
</msg>
<msg id="65" tool="mc">
  <type>MODULE_UNLOAD</type>
  <arg>C:\WINDOWS\System32\msvcrt.dll</arg>
  <severity>INFO</severity>
  <timestamp>Sun Apr 19 16:12:30 2020</timestamp>
</msg>
<msg id="66" tool="mc">
  <type>MODULE_UNLOAD</type>
  <arg>C:\WINDOWS\System32\RPCRT4.dll</arg>
  <severity>INFO</severity>
  <timestamp>Sun Apr 19 16:12:30 2020</timestamp>
</msg>
<msg id="67" tool="mc">
  <type>ANALYSIS_COMPLETE</type>
  <arg>c:\users\77swi\onedrive\study_more\master - ikw\numeryka kwantowa\budowabazy\x64\debug\budowabazy.exe</arg>
  <severity>INFO</severity>
  <timestamp>Sun Apr 19 16:12:30 2020</timestamp>
</msg>
<msg id="68" tool="runtool">
  <type>app-exit-code</type>
  <arg>0</arg>
</msg>
<msg id="69" tool="runtool">
  <type>marker-file</type>
  <arg>C:\Users\77swi\OneDrive\STUDY_MORE\Master - IKW\Numeryka Kwantowa\BudowaBazy\BudowaBazy\My Inspector Results - BudowaBazy\r003mi3\r003mi3.inspxe</arg>
</msg>
<msg id="70" tool="runtool">
  <type>collector-done</type>
</msg>
<msg id="71" tool="runtool">
  <type>log-end</type>
  <arg>2020/04/19 16:12:34</arg>
</msg>

</log>

