<?xml version="1.0" encoding="utf-8"?>
<log version="1.0" tool="runtool">

<msg id="1" tool="runtool">
  <type>log-start</type>
  <arg>2020/04/04 17:49:54</arg>
</msg>
<msg id="2" tool="runtool">
  <type>collector-starts</type>
</msg>
<msg id="3" tool="runtool">
  <type>marker-file</type>
  <arg>C:\Users\77swi\OneDrive\STUDY_MORE\Master - IKW\Numeryka Kwantowa\BudowaBazy\BudowaBazy\My Inspector Results - BudowaBazy\r000mi1\r000mi1.inspxe</arg>
</msg>
<msg id="4" tool="mc">
  <type>EXEC_OF_INTEREST</type>
  <arg>c:\users\77swi\onedrive\study_more\master - ikw\numeryka kwantowa\budowabazy\x64\debug\budowabazy.exe</arg>
  <arg>11604</arg>
  <severity>INFO</severity>
  <timestamp>Sat Apr  4 17:49:55 2020</timestamp>
</msg>
<msg id="5" tool="mc">
  <type>MODULE_LOAD</type>
  <arg>c:\users\77swi\onedrive\study_more\master - ikw\numeryka kwantowa\budowabazy\x64\debug\budowabazy.exe</arg>
  <arg>0x7ff6d7460000</arg>
  <arg>0x7ff6dc455fff</arg>
  <severity>INFO</severity>
  <timestamp>Sat Apr  4 17:49:55 2020</timestamp>
</msg>
<msg id="6" tool="mc">
  <type>MODULE_LOAD_NO_ANALYSIS</type>
  <arg>c:\windows\system32\kernelbase.dll</arg>
  <arg>0x7ffb57e90000</arg>
  <arg>0x7ffb58132fff</arg>
  <severity>INFO</severity>
  <timestamp>Sat Apr  4 17:49:55 2020</timestamp>
</msg>
<msg id="7" tool="mc">
  <type>MODULE_LOAD_NO_ANALYSIS</type>
  <arg>c:\windows\system32\kernel32.dll</arg>
  <arg>0x7ffb59f80000</arg>
  <arg>0x7ffb5a031fff</arg>
  <severity>INFO</severity>
  <timestamp>Sat Apr  4 17:49:55 2020</timestamp>
</msg>
<msg id="8" tool="mc">
  <type>MODULE_LOAD_NO_ANALYSIS</type>
  <arg>c:\windows\system32\ntdll.dll</arg>
  <arg>0x7ffb5ad60000</arg>
  <arg>0x7ffb5af4ffff</arg>
  <severity>INFO</severity>
  <timestamp>Sat Apr  4 17:49:56 2020</timestamp>
</msg>
<msg id="9" tool="mc">
  <type>MODULE_LOAD</type>
  <arg>c:\program files (x86)\intelswtools\inspector 2020\bin64\dnclrprofinfo.dll</arg>
  <arg>0x7ffb448c0000</arg>
  <arg>0x7ffb448e8fff</arg>
  <severity>INFO</severity>
  <timestamp>Sat Apr  4 17:49:56 2020</timestamp>
</msg>
<msg id="10" tool="mc">
  <type>MODULE_LOAD</type>
  <arg>c:\windows\system32\msvcp140d.dll</arg>
  <arg>0x7ffafbb10000</arg>
  <arg>0x7ffafbc03fff</arg>
  <severity>INFO</severity>
  <timestamp>Sat Apr  4 17:49:56 2020</timestamp>
</msg>
<msg id="11" tool="mc">
  <type>MODULE_LOAD</type>
  <arg>c:\windows\system32\vcruntime140d.dll</arg>
  <arg>0x7ffb44760000</arg>
  <arg>0x7ffb44785fff</arg>
  <severity>INFO</severity>
  <timestamp>Sat Apr  4 17:49:56 2020</timestamp>
</msg>
<msg id="12" tool="mc">
  <type>MODULE_LOAD</type>
  <arg>c:\windows\system32\vcruntime140_1d.dll</arg>
  <arg>0x7ffb55e40000</arg>
  <arg>0x7ffb55e4efff</arg>
  <severity>INFO</severity>
  <timestamp>Sat Apr  4 17:49:56 2020</timestamp>
</msg>
<msg id="13" tool="mc">
  <type>MODULE_LOAD</type>
  <arg>c:\windows\system32\ucrtbased.dll</arg>
  <arg>0x7ffaf8580000</arg>
  <arg>0x7ffaf8742fff</arg>
  <severity>INFO</severity>
  <timestamp>Sat Apr  4 17:49:56 2020</timestamp>
</msg>
<msg id="14" tool="mc">
  <type>MODULE_LOAD_NO_ANALYSIS</type>
  <arg>c:\program files (x86)\intelswtools\inspector 2020\bin64\runtime\libittnotify.dll</arg>
  <arg>0x7ffb44720000</arg>
  <arg>0x7ffb44753fff</arg>
  <severity>INFO</severity>
  <timestamp>Sat Apr  4 17:49:57 2020</timestamp>
</msg>
<msg id="15" tool="mc">
  <type>MODULE_LOAD</type>
  <arg>c:\windows\system32\kernel.appcore.dll</arg>
  <arg>0x7ffb57c30000</arg>
  <arg>0x7ffb57c40fff</arg>
  <severity>INFO</severity>
  <timestamp>Sat Apr  4 17:49:57 2020</timestamp>
</msg>
<msg id="16" tool="mc">
  <type>MODULE_LOAD_NO_ANALYSIS</type>
  <arg>c:\windows\system32\msvcrt.dll</arg>
  <arg>0x7ffb58e70000</arg>
  <arg>0x7ffb58f0dfff</arg>
  <severity>INFO</severity>
  <timestamp>Sat Apr  4 17:49:57 2020</timestamp>
</msg>
<msg id="17" tool="mc">
  <type>MODULE_LOAD_NO_ANALYSIS</type>
  <arg>c:\windows\system32\rpcrt4.dll</arg>
  <arg>0x7ffb5a580000</arg>
  <arg>0x7ffb5a69ffff</arg>
  <severity>INFO</severity>
  <timestamp>Sat Apr  4 17:49:57 2020</timestamp>
</msg>
<msg id="18" tool="mc">
  <type>PROCESS_COMPLETE</type>
  <arg>c:\users\77swi\onedrive\study_more\master - ikw\numeryka kwantowa\budowabazy\x64\debug\budowabazy.exe</arg>
  <arg>0</arg>
  <severity>INFO</severity>
  <timestamp>Sat Apr  4 17:49:57 2020</timestamp>
</msg>
<msg id="19" tool="mc">
  <type>ANALYSIS_COMPLETE</type>
  <arg>c:\users\77swi\onedrive\study_more\master - ikw\numeryka kwantowa\budowabazy\x64\debug\budowabazy.exe</arg>
  <severity>INFO</severity>
  <timestamp>Sat Apr  4 17:49:57 2020</timestamp>
</msg>
<msg id="20" tool="runtool">
  <type>app-exit-code</type>
  <arg>0</arg>
</msg>
<msg id="21" tool="runtool">
  <type>marker-file</type>
  <arg>C:\Users\77swi\OneDrive\STUDY_MORE\Master - IKW\Numeryka Kwantowa\BudowaBazy\BudowaBazy\My Inspector Results - BudowaBazy\r000mi1\r000mi1.inspxe</arg>
</msg>
<msg id="22" tool="runtool">
  <type>collector-done</type>
</msg>
<msg id="23" tool="runtool">
  <type>log-end</type>
  <arg>2020/04/04 17:50:01</arg>
</msg>

</log>

