<?xml version="1.0" encoding="utf-8" ?>
<!-- DO NOT EDIT THIS FILE -->

<log version='2.0' source='mc'>
	<!-- Successfully loaded CCRT at address 0x59de0000 - 0x5a175000 -->
	<!-- Successfully loaded MC at address 0x5a200000 - 0x5ae7a000 -->
	<!-- Analysis started for c:\users\77swi\onedrive\study_more\master - ikw\numeryka kwantowa\budowabazy\x64\debug\budowabazy.exe, pid = 11604 -->
	<msg id='1' source='mc'>
		<type>EXEC_OF_INTEREST</type>
		<severity>INFO</severity>
		<timestamp>Sat Apr  4 17:49:55 2020</timestamp>
		<arg name='path'>c:\users\77swi\onedrive\study_more\master - ikw\numeryka kwantowa\budowabazy\x64\debug\budowabazy.exe</arg>
		<arg name='pid'>11604</arg>
	</msg>
	<!-- Command line: C:\Program Files (x86)\IntelSWTools\Inspector 2020\bin32\pin -xyzzy -mesgoff console -xyzzy -bridge_save_x87 0 -bridge_save_mxcsr 0 -follow_execv -error_file C:\Users\77swi\OneDrive\STUDY_MORE\Master - IKW\Numeryka Kwantowa\BudowaBazy\BudowaBazy\My Inspector Results - BudowaBazy\r000mi1\data.0\pin_error.log -logfile C:\Users\77swi\OneDrive\STUDY_MORE\Master - IKW\Numeryka Kwantowa\BudowaBazy\BudowaBazy\My Inspector Results - BudowaBazy\r000mi1\data.0\pin.log -xyzzy -region_max_inss 500 -p64 C:\Program Files (x86)\IntelSWTools\Inspector 2020\bin64\pin -t64 C:\Program Files (x86)\IntelSWTools\Inspector 2020\bin64\memchkr.dll -t C:\Program Files (x86)\IntelSWTools\Inspector 2020\bin32\memchkr.dll -no-analyze-stack -no-access-checks -leak-check-on-exit -leak-check-report-reachable -check-resource-leaks -freelist-vol 0 -leak-maximum 100000 -guard-zone-size 0 -stack-depth 8 -heartbeat 1 -mrte-mode auto -working-dir C:\Users\77swi\OneDrive\STUDY_MORE\Master - IKW\Numeryka Kwantowa\BudowaBazy\BudowaBazy\My Inspector Results - BudowaBazy\r000mi1\data.0 -log mc_BudowaBazy.log -result BudowaBazy - C:\Users\77swi\OneDrive\STUDY_MORE\Master - IKW\Numeryka Kwantowa\BudowaBazy\x64\Debug\BudowaBazy.exe  -->
	<!-- mc's options are the following:  -->
	<!-- -help                              false -->
	<!-- -verbose                           false -->
	<!-- -xyzzy                             false -->
	<!-- -version                           false -->
	<!-- -help-all                          false -->
	<!-- -xyzzy-all                         false -->
	<!-- -report-all-instances              false -->
	<!-- -check-for-padded-structures       true -->
	<!-- -check-for-bitfields               true -->
	<!-- -analyze-stack                     false -->
	<!-- -access-checks                     false -->
	<!-- -track-origins                     true -->
	<!-- -duplicate-uninits                 false -->
	<!-- -bss-initialized                   true -->
	<!-- -align-alloc-size                  false -->
	<!-- -report-uninit-read                false -->
	<!-- -ignore-system-libraries           false -->
	<!-- -gen-suppressions                  false -->
	<!-- -leak-check-on-exit                true -->
	<!-- -leak-check-on-demand              false -->
	<!-- -leak-check-uses-baseline          true -->
	<!-- -enable-memory-growth              false -->
	<!-- -leak-check-report-reachable       true -->
	<!-- -leak-check-full                   true -->
	<!-- -check-resource-leaks              true -->
	<!-- -trace-children                    false -->
	<!-- -enable-poke                       false -->
	<!-- -jit-mode-anyway                   false -->
	<!-- -disable-probe-mode-mismatches-64  true -->
	<!-- -aggressive-callstack-caching      false -->
	<!-- -suppress-breakpoints              false -->
	<!-- -monitor-memory                    false -->
	<!-- -freelist-vol                      0 -->
	<!-- -leak-maximum                      100000 -->
	<!-- -guard-zone-size                   0 -->
	<!-- -stack-depth                       8 -->
	<!-- -heartbeat                         1 -->
	<!-- -breakpoint-file                   (null) -->
	<!-- -config-file                       (null) -->
	<!-- -log                               mc_BudowaBazy.log -->
	<!-- -ignore-commands                   (null),  -->
	<!-- -ignore-modules                    (null),  -->
	<!-- -ignore-symbols                    (null),  -->
	<!-- -module-of-interest                (null),  -->
	<!-- -executable-of-interest            (null),  -->
	<!-- -working-dir                       C:\Users\77swi\OneDrive\STUDY_MORE\Master - IKW\Numeryka Kwantowa\BudowaBazy\BudowaBazy\My Inspector Results - BudowaBazy\r000mi1\data.0 -->
	<!-- -result                            BudowaBazy -->
	<!-- -exclude-module                    (null),  -->
	<!-- -include-module                    (null),  -->
	<!-- -only-exec-commands                (null),  -->
	<!-- -suppressions                      (null),  -->
	<!-- -debug                             none -->
	<!-- -shared-mem-name                   (null) -->
	<!-- -poke-function                     (null),  -->
	<!-- -analysis-mode                     (null) -->
	<!-- -disable-gatekeeping               false -->
	<!-- -ignore-os-allocators              false -->
	<!-- -mrte-mode                         auto -->
	<!-- probe mode: yes -->
	<!-- mem leaks checks: yes -->
	<!-- res leaks checks: yes -->
	<!-- access checks: no -->
	<!-- track origin: no -->
	<!-- Environment: INTEL_LIBITTNOTIFY32=C:\Program Files (x86)\IntelSWTools\Inspector 2020\bin32\runtime\libittnotify.dll -->
	<!-- Environment: INTEL_LIBITTNOTIFY64=C:\Program Files (x86)\IntelSWTools\Inspector 2020\bin64\runtime\libittnotify.dll -->
	<!-- Environment: INTEL_JIT_PROFILER32=C:\Program Files (x86)\IntelSWTools\Inspector 2020\bin32\runtime\libittnotify.dll -->
	<!-- Environment: INTEL_JIT_PROFILER64=C:\Program Files (x86)\IntelSWTools\Inspector 2020\bin64\runtime\libittnotify.dll -->
	<!-- DIAG: 1 -->
	<!-- Module loaded c:\users\77swi\onedrive\study_more\master - ikw\numeryka kwantowa\budowabazy\x64\debug\budowabazy.exe, address range [0x00007ff6d7460000-0x00007ff6dc455fff] -->
	<msg id='2' source='mc'>
		<type>MODULE_LOAD</type>
		<severity>INFO</severity>
		<timestamp>Sat Apr  4 17:49:55 2020</timestamp>
		<arg name='path'>c:\users\77swi\onedrive\study_more\master - ikw\numeryka kwantowa\budowabazy\x64\debug\budowabazy.exe</arg>
		<arg name='addr1'>0x7ff6d7460000</arg>
		<arg name='addr2'>0x7ff6dc455fff</arg>
	</msg>
	<!-- Module loaded c:\windows\system32\kernelbase.dll, address range [0x00007ffb57e90000-0x00007ffb58132fff], minimal analysis -->
	<msg id='3' source='mc'>
		<type>MODULE_LOAD_NO_ANALYSIS</type>
		<severity>INFO</severity>
		<timestamp>Sat Apr  4 17:49:55 2020</timestamp>
		<arg name='path'>c:\windows\system32\kernelbase.dll</arg>
		<arg name='addr1'>0x7ffb57e90000</arg>
		<arg name='addr2'>0x7ffb58132fff</arg>
	</msg>
	<!-- entry point not safe for probe insertion in kernel32.dll -->
	<!-- Module loaded c:\windows\system32\kernel32.dll, address range [0x00007ffb59f80000-0x00007ffb5a031fff], minimal analysis -->
	<msg id='4' source='mc'>
		<type>MODULE_LOAD_NO_ANALYSIS</type>
		<severity>INFO</severity>
		<timestamp>Sat Apr  4 17:49:55 2020</timestamp>
		<arg name='path'>c:\windows\system32\kernel32.dll</arg>
		<arg name='addr1'>0x7ffb59f80000</arg>
		<arg name='addr2'>0x7ffb5a031fff</arg>
	</msg>
	<!-- Module loaded c:\windows\system32\ntdll.dll, address range [0x00007ffb5ad60000-0x00007ffb5af4ffff], minimal analysis -->
	<msg id='5' source='mc'>
		<type>MODULE_LOAD_NO_ANALYSIS</type>
		<severity>INFO</severity>
		<timestamp>Sat Apr  4 17:49:56 2020</timestamp>
		<arg name='path'>c:\windows\system32\ntdll.dll</arg>
		<arg name='addr1'>0x7ffb5ad60000</arg>
		<arg name='addr2'>0x7ffb5af4ffff</arg>
	</msg>
	<!-- Module loaded c:\program files (x86)\intelswtools\inspector 2020\bin64\dnclrprofinfo.dll, address range [0x00007ffb448c0000-0x00007ffb448e8fff] -->
	<msg id='6' source='mc'>
		<type>MODULE_LOAD</type>
		<severity>INFO</severity>
		<timestamp>Sat Apr  4 17:49:56 2020</timestamp>
		<arg name='path'>c:\program files (x86)\intelswtools\inspector 2020\bin64\dnclrprofinfo.dll</arg>
		<arg name='addr1'>0x7ffb448c0000</arg>
		<arg name='addr2'>0x7ffb448e8fff</arg>
	</msg>
	<!-- Module loaded c:\windows\system32\msvcp140d.dll, address range [0x00007ffafbb10000-0x00007ffafbc03fff] -->
	<msg id='7' source='mc'>
		<type>MODULE_LOAD</type>
		<severity>INFO</severity>
		<timestamp>Sat Apr  4 17:49:56 2020</timestamp>
		<arg name='path'>c:\windows\system32\msvcp140d.dll</arg>
		<arg name='addr1'>0x7ffafbb10000</arg>
		<arg name='addr2'>0x7ffafbc03fff</arg>
	</msg>
	<!-- Module loaded c:\windows\system32\vcruntime140d.dll, address range [0x00007ffb44760000-0x00007ffb44785fff] -->
	<msg id='8' source='mc'>
		<type>MODULE_LOAD</type>
		<severity>INFO</severity>
		<timestamp>Sat Apr  4 17:49:56 2020</timestamp>
		<arg name='path'>c:\windows\system32\vcruntime140d.dll</arg>
		<arg name='addr1'>0x7ffb44760000</arg>
		<arg name='addr2'>0x7ffb44785fff</arg>
	</msg>
	<!-- Module loaded c:\windows\system32\vcruntime140_1d.dll, address range [0x00007ffb55e40000-0x00007ffb55e4efff] -->
	<msg id='9' source='mc'>
		<type>MODULE_LOAD</type>
		<severity>INFO</severity>
		<timestamp>Sat Apr  4 17:49:56 2020</timestamp>
		<arg name='path'>c:\windows\system32\vcruntime140_1d.dll</arg>
		<arg name='addr1'>0x7ffb55e40000</arg>
		<arg name='addr2'>0x7ffb55e4efff</arg>
	</msg>
	<!-- Module loaded c:\windows\system32\ucrtbased.dll, address range [0x00007ffaf8580000-0x00007ffaf8742fff] -->
	<msg id='10' source='mc'>
		<type>MODULE_LOAD</type>
		<severity>INFO</severity>
		<timestamp>Sat Apr  4 17:49:56 2020</timestamp>
		<arg name='path'>c:\windows\system32\ucrtbased.dll</arg>
		<arg name='addr1'>0x7ffaf8580000</arg>
		<arg name='addr2'>0x7ffaf8742fff</arg>
	</msg>
	<!-- Module loaded c:\program files (x86)\intelswtools\inspector 2020\bin64\runtime\libittnotify.dll, address range [0x00007ffb44720000-0x00007ffb44753fff], minimal analysis -->
	<msg id='11' source='mc'>
		<type>MODULE_LOAD_NO_ANALYSIS</type>
		<severity>INFO</severity>
		<timestamp>Sat Apr  4 17:49:57 2020</timestamp>
		<arg name='path'>c:\program files (x86)\intelswtools\inspector 2020\bin64\runtime\libittnotify.dll</arg>
		<arg name='addr1'>0x7ffb44720000</arg>
		<arg name='addr2'>0x7ffb44753fff</arg>
	</msg>
	<!-- Module loaded c:\windows\system32\kernel.appcore.dll, address range [0x00007ffb57c30000-0x00007ffb57c40fff] -->
	<msg id='12' source='mc'>
		<type>MODULE_LOAD</type>
		<severity>INFO</severity>
		<timestamp>Sat Apr  4 17:49:57 2020</timestamp>
		<arg name='path'>c:\windows\system32\kernel.appcore.dll</arg>
		<arg name='addr1'>0x7ffb57c30000</arg>
		<arg name='addr2'>0x7ffb57c40fff</arg>
	</msg>
	<!-- Module loaded c:\windows\system32\msvcrt.dll, address range [0x00007ffb58e70000-0x00007ffb58f0dfff], minimal analysis -->
	<msg id='13' source='mc'>
		<type>MODULE_LOAD_NO_ANALYSIS</type>
		<severity>INFO</severity>
		<timestamp>Sat Apr  4 17:49:57 2020</timestamp>
		<arg name='path'>c:\windows\system32\msvcrt.dll</arg>
		<arg name='addr1'>0x7ffb58e70000</arg>
		<arg name='addr2'>0x7ffb58f0dfff</arg>
	</msg>
	<!-- Module loaded c:\windows\system32\rpcrt4.dll, address range [0x00007ffb5a580000-0x00007ffb5a69ffff], minimal analysis -->
	<msg id='14' source='mc'>
		<type>MODULE_LOAD_NO_ANALYSIS</type>
		<severity>INFO</severity>
		<timestamp>Sat Apr  4 17:49:57 2020</timestamp>
		<arg name='path'>c:\windows\system32\rpcrt4.dll</arg>
		<arg name='addr1'>0x7ffb5a580000</arg>
		<arg name='addr2'>0x7ffb5a69ffff</arg>
	</msg>
	<!-- DIAG: 2 -->
	<!-- Process c:\users\77swi\onedrive\study_more\master - ikw\numeryka kwantowa\budowabazy\x64\debug\budowabazy.exe exited with code 0. Leak analysis starting - this may take a while. -->
	<msg id='15' source='mc'>
		<type>PROCESS_COMPLETE</type>
		<severity>INFO</severity>
		<timestamp>Sat Apr  4 17:49:57 2020</timestamp>
		<arg name='path'>c:\users\77swi\onedrive\study_more\master - ikw\numeryka kwantowa\budowabazy\x64\debug\budowabazy.exe</arg>
		<arg name='code'>0</arg>
	</msg>
	<!-- Analysis completed for c:\users\77swi\onedrive\study_more\master - ikw\numeryka kwantowa\budowabazy\x64\debug\budowabazy.exe -->
	<msg id='16' source='mc'>
		<type>ANALYSIS_COMPLETE</type>
		<severity>INFO</severity>
		<timestamp>Sat Apr  4 17:49:57 2020</timestamp>
		<arg name='path'>c:\users\77swi\onedrive\study_more\master - ikw\numeryka kwantowa\budowabazy\x64\debug\budowabazy.exe</arg>
	</msg>