<?xml version="1.0" encoding="utf-8" ?>
<!-- DO NOT EDIT THIS FILE -->

<log version='2.0' source='mc'>
	<!-- Successfully loaded CCRT at address 0x5c850000 - 0x5cbe5000 -->
	<!-- Successfully loaded MC at address 0x5cc70000 - 0x5d8ea000 -->
	<!-- Analysis started for c:\users\77swi\onedrive\study_more\master - ikw\numeryka kwantowa\budowabazy\x64\debug\budowabazy.exe, pid = 12060 -->
	<msg id='1' source='mc'>
		<type>EXEC_OF_INTEREST</type>
		<severity>INFO</severity>
		<timestamp>Sun Apr 19 15:40:59 2020</timestamp>
		<arg name='path'>c:\users\77swi\onedrive\study_more\master - ikw\numeryka kwantowa\budowabazy\x64\debug\budowabazy.exe</arg>
		<arg name='pid'>12060</arg>
	</msg>
	<!-- Command line: C:\Program Files (x86)\IntelSWTools\Inspector 2020\bin32\pin -xyzzy -mesgoff console -xyzzy -bridge_save_x87 0 -bridge_save_mxcsr 0 -follow_execv -error_file C:\Users\77swi\OneDrive\STUDY_MORE\Master - IKW\Numeryka Kwantowa\BudowaBazy\BudowaBazy\My Inspector Results - BudowaBazy\r002mi3\data.0\pin_error.log -logfile C:\Users\77swi\OneDrive\STUDY_MORE\Master - IKW\Numeryka Kwantowa\BudowaBazy\BudowaBazy\My Inspector Results - BudowaBazy\r002mi3\data.0\pin.log -xyzzy -region_max_inss 500 -p64 C:\Program Files (x86)\IntelSWTools\Inspector 2020\bin64\pin -t64 C:\Program Files (x86)\IntelSWTools\Inspector 2020\bin64\memchkr.dll -t C:\Program Files (x86)\IntelSWTools\Inspector 2020\bin32\memchkr.dll -no-analyze-stack -access-checks -leak-check-on-exit -leak-check-on-demand -enable-memory-growth -leak-check-report-reachable -check-resource-leaks -freelist-vol 1000000 -leak-maximum 100000 -guard-zone-size 32 -stack-depth 16 -heartbeat 1 -mrte-mode auto -working-dir C:\Users\77swi\OneDrive\STUDY_MORE\Master - IKW\Numeryka Kwantowa\BudowaBazy\BudowaBazy\My Inspector Results - BudowaBazy\r002mi3\data.0 -log mc_BudowaBazy.log -result BudowaBazy - C:\Users\77swi\OneDrive\STUDY_MORE\Master - IKW\Numeryka Kwantowa\BudowaBazy\x64\Debug\BudowaBazy.exe  -->
	<!-- mc's options are the following:  -->
	<!-- -help                              false -->
	<!-- -verbose                           false -->
	<!-- -xyzzy                             false -->
	<!-- -version                           false -->
	<!-- -help-all                          false -->
	<!-- -xyzzy-all                         false -->
	<!-- -report-all-instances              false -->
	<!-- -check-for-padded-structures       true -->
	<!-- -check-for-bitfields               true -->
	<!-- -analyze-stack                     false -->
	<!-- -access-checks                     true -->
	<!-- -track-origins                     true -->
	<!-- -duplicate-uninits                 false -->
	<!-- -bss-initialized                   true -->
	<!-- -align-alloc-size                  false -->
	<!-- -report-uninit-read                false -->
	<!-- -ignore-system-libraries           false -->
	<!-- -gen-suppressions                  false -->
	<!-- -leak-check-on-exit                true -->
	<!-- -leak-check-on-demand              true -->
	<!-- -leak-check-uses-baseline          true -->
	<!-- -enable-memory-growth              true -->
	<!-- -leak-check-report-reachable       true -->
	<!-- -leak-check-full                   true -->
	<!-- -check-resource-leaks              true -->
	<!-- -trace-children                    false -->
	<!-- -enable-poke                       false -->
	<!-- -jit-mode-anyway                   false -->
	<!-- -disable-probe-mode-mismatches-64  true -->
	<!-- -aggressive-callstack-caching      false -->
	<!-- -suppress-breakpoints              false -->
	<!-- -monitor-memory                    false -->
	<!-- -freelist-vol                      1000000 -->
	<!-- -leak-maximum                      100000 -->
	<!-- -guard-zone-size                   32 -->
	<!-- -stack-depth                       16 -->
	<!-- -heartbeat                         1 -->
	<!-- -breakpoint-file                   (null) -->
	<!-- -config-file                       (null) -->
	<!-- -log                               mc_BudowaBazy.log -->
	<!-- -ignore-commands                   (null),  -->
	<!-- -ignore-modules                    (null),  -->
	<!-- -ignore-symbols                    (null),  -->
	<!-- -module-of-interest                (null),  -->
	<!-- -executable-of-interest            (null),  -->
	<!-- -working-dir                       C:\Users\77swi\OneDrive\STUDY_MORE\Master - IKW\Numeryka Kwantowa\BudowaBazy\BudowaBazy\My Inspector Results - BudowaBazy\r002mi3\data.0 -->
	<!-- -result                            BudowaBazy -->
	<!-- -exclude-module                    (null),  -->
	<!-- -include-module                    (null),  -->
	<!-- -only-exec-commands                (null),  -->
	<!-- -suppressions                      (null),  -->
	<!-- -debug                             none -->
	<!-- -shared-mem-name                   (null) -->
	<!-- -poke-function                     (null),  -->
	<!-- -analysis-mode                     (null) -->
	<!-- -disable-gatekeeping               false -->
	<!-- -ignore-os-allocators              false -->
	<!-- -mrte-mode                         auto -->
	<!-- probe mode: no -->
	<!-- mem leaks checks: yes -->
	<!-- res leaks checks: yes -->
	<!-- access checks: yes -->
	<!-- track origin: yes -->
	<!-- Environment: INTEL_LIBITTNOTIFY32=C:\Program Files (x86)\IntelSWTools\Inspector 2020\bin32\runtime\libittnotify.dll -->
	<!-- Environment: INTEL_LIBITTNOTIFY64=C:\Program Files (x86)\IntelSWTools\Inspector 2020\bin64\runtime\libittnotify.dll -->
	<!-- Environment: INTEL_JIT_PROFILER32=C:\Program Files (x86)\IntelSWTools\Inspector 2020\bin32\runtime\libittnotify.dll -->
	<!-- Environment: INTEL_JIT_PROFILER64=C:\Program Files (x86)\IntelSWTools\Inspector 2020\bin64\runtime\libittnotify.dll -->
	<!-- Module loaded c:\users\77swi\onedrive\study_more\master - ikw\numeryka kwantowa\budowabazy\x64\debug\budowabazy.exe, address range [0x00007ff7a8020000-0x00007ff7a81d1fff] -->
	<msg id='2' source='mc'>
		<type>MODULE_LOAD</type>
		<severity>INFO</severity>
		<timestamp>Sun Apr 19 15:40:59 2020</timestamp>
		<arg name='path'>c:\users\77swi\onedrive\study_more\master - ikw\numeryka kwantowa\budowabazy\x64\debug\budowabazy.exe</arg>
		<arg name='addr1'>0x7ff7a8020000</arg>
		<arg name='addr2'>0x7ff7a81d1fff</arg>
	</msg>
	<!-- Module loaded c:\windows\system32\kernelbase.dll, address range [0x00007ffe7a830000-0x00007ffe7aad2fff] -->
	<msg id='3' source='mc'>
		<type>MODULE_LOAD</type>
		<severity>INFO</severity>
		<timestamp>Sun Apr 19 15:40:59 2020</timestamp>
		<arg name='path'>c:\windows\system32\kernelbase.dll</arg>
		<arg name='addr1'>0x7ffe7a830000</arg>
		<arg name='addr2'>0x7ffe7aad2fff</arg>
	</msg>
	<!-- Module loaded c:\windows\system32\kernel32.dll, address range [0x00007ffe7c730000-0x00007ffe7c7e1fff] -->
	<msg id='4' source='mc'>
		<type>MODULE_LOAD</type>
		<severity>INFO</severity>
		<timestamp>Sun Apr 19 15:40:59 2020</timestamp>
		<arg name='path'>c:\windows\system32\kernel32.dll</arg>
		<arg name='addr1'>0x7ffe7c730000</arg>
		<arg name='addr2'>0x7ffe7c7e1fff</arg>
	</msg>
	<!-- Module loaded c:\windows\system32\ntdll.dll, address range [0x00007ffe7d8a0000-0x00007ffe7da8ffff] -->
	<msg id='5' source='mc'>
		<type>MODULE_LOAD</type>
		<severity>INFO</severity>
		<timestamp>Sun Apr 19 15:40:59 2020</timestamp>
		<arg name='path'>c:\windows\system32\ntdll.dll</arg>
		<arg name='addr1'>0x7ffe7d8a0000</arg>
		<arg name='addr2'>0x7ffe7da8ffff</arg>
	</msg>
	<!-- DIAG: 1 -->
	<!-- DIAG: 2 -->
	<!-- DIAG: 3 -->
	<!-- DIAG: 4 -->
	<!-- Module loaded c:\windows\system32\msvcp140d.dll, address range [0x00007ffdf4680000-0x00007ffdf4766fff] -->
	<msg id='6' source='mc'>
		<type>MODULE_LOAD</type>
		<severity>INFO</severity>
		<timestamp>Sun Apr 19 15:41:00 2020</timestamp>
		<arg name='path'>c:\windows\system32\msvcp140d.dll</arg>
		<arg name='addr1'>0x7ffdf4680000</arg>
		<arg name='addr2'>0x7ffdf4766fff</arg>
	</msg>
	<!-- Module loaded c:\program files (x86)\intelswtools\compilers_and_libraries_2020.0.166\windows\redist\intel64\mkl\mkl_core.dll, address range [0x00007ffdecc70000-0x00007ffdf109afff], minimal analysis -->
	<msg id='7' source='mc'>
		<type>MODULE_LOAD_NO_ANALYSIS</type>
		<severity>INFO</severity>
		<timestamp>Sun Apr 19 15:41:01 2020</timestamp>
		<arg name='path'>c:\program files (x86)\intelswtools\compilers_and_libraries_2020.0.166\windows\redist\intel64\mkl\mkl_core.dll</arg>
		<arg name='addr1'>0x7ffdecc70000</arg>
		<arg name='addr2'>0x7ffdf109afff</arg>
	</msg>
	<!-- Module loaded c:\program files (x86)\intelswtools\compilers_and_libraries_2020.0.166\windows\redist\intel64\mkl\mkl_intel_thread.dll, address range [0x00007ffdf22c0000-0x00007ffdf4222fff] -->
	<msg id='8' source='mc'>
		<type>MODULE_LOAD</type>
		<severity>INFO</severity>
		<timestamp>Sun Apr 19 15:41:01 2020</timestamp>
		<arg name='path'>c:\program files (x86)\intelswtools\compilers_and_libraries_2020.0.166\windows\redist\intel64\mkl\mkl_intel_thread.dll</arg>
		<arg name='addr1'>0x7ffdf22c0000</arg>
		<arg name='addr2'>0x7ffdf4222fff</arg>
	</msg>
	<!-- Module loaded c:\program files (x86)\intelswtools\compilers_and_libraries_2020\windows\redist\intel64\compiler\libiomp5md.dll, address range [0x00007ffdf20c0000-0x00007ffdf22bffff], minimal analysis -->
	<msg id='9' source='mc'>
		<type>MODULE_LOAD_NO_ANALYSIS</type>
		<severity>INFO</severity>
		<timestamp>Sun Apr 19 15:41:01 2020</timestamp>
		<arg name='path'>c:\program files (x86)\intelswtools\compilers_and_libraries_2020\windows\redist\intel64\compiler\libiomp5md.dll</arg>
		<arg name='addr1'>0x7ffdf20c0000</arg>
		<arg name='addr2'>0x7ffdf22bffff</arg>
	</msg>
	<!-- Module loaded c:\windows\system32\vcruntime140_1d.dll, address range [0x00007ffe612a0000-0x00007ffe612aefff] -->
	<msg id='10' source='mc'>
		<type>MODULE_LOAD</type>
		<severity>INFO</severity>
		<timestamp>Sun Apr 19 15:41:01 2020</timestamp>
		<arg name='path'>c:\windows\system32\vcruntime140_1d.dll</arg>
		<arg name='addr1'>0x7ffe612a0000</arg>
		<arg name='addr2'>0x7ffe612aefff</arg>
	</msg>
	<!-- Module loaded c:\windows\system32\ucrtbased.dll, address range [0x00007ffdf1ef0000-0x00007ffdf20b2fff] -->
	<msg id='11' source='mc'>
		<type>MODULE_LOAD</type>
		<severity>INFO</severity>
		<timestamp>Sun Apr 19 15:41:01 2020</timestamp>
		<arg name='path'>c:\windows\system32\ucrtbased.dll</arg>
		<arg name='addr1'>0x7ffdf1ef0000</arg>
		<arg name='addr2'>0x7ffdf20b2fff</arg>
	</msg>
	<!-- Module loaded c:\windows\system32\vcruntime140d.dll, address range [0x00007ffe17ff0000-0x00007ffe18019fff] -->
	<msg id='12' source='mc'>
		<type>MODULE_LOAD</type>
		<severity>INFO</severity>
		<timestamp>Sun Apr 19 15:41:01 2020</timestamp>
		<arg name='path'>c:\windows\system32\vcruntime140d.dll</arg>
		<arg name='addr1'>0x7ffe17ff0000</arg>
		<arg name='addr2'>0x7ffe18019fff</arg>
	</msg>
	<!-- Module loaded c:\program files (x86)\intelswtools\inspector 2020\bin64\runtime\libittnotify.dll, address range [0x00007ffdf6ff0000-0x00007ffdf7023fff], minimal analysis -->
	<msg id='13' source='mc'>
		<type>MODULE_LOAD_NO_ANALYSIS</type>
		<severity>INFO</severity>
		<timestamp>Sun Apr 19 15:41:02 2020</timestamp>
		<arg name='path'>c:\program files (x86)\intelswtools\inspector 2020\bin64\runtime\libittnotify.dll</arg>
		<arg name='addr1'>0x7ffdf6ff0000</arg>
		<arg name='addr2'>0x7ffdf7023fff</arg>
	</msg>
	<!-- Heartbeat, tids = 11520,15720,4296,12656, syscallStatus = 0,1,1,1, calls = 56812,2180,1889,1819 -->
	<msg id='14' display='false' source='mc'>
		<type>HEARTBEAT</type>
		<severity>INFO</severity>
		<timestamp>Sun Apr 19 15:41:04 2020</timestamp>
		<arg name='tids'>11520,15720,4296,12656</arg>
		<arg name='syscalls'>0,1,1,1</arg>
		<arg name='calls'>56812,2180,1889,1819</arg>
	</msg>
	<!-- Module loaded c:\program files (x86)\intelswtools\compilers_and_libraries_2020.0.166\windows\redist\intel64\mkl\libimalloc.dll, address range [0x0000027c14980000-0x0000027c14983fff] -->
	<msg id='15' source='mc'>
		<type>MODULE_LOAD</type>
		<severity>INFO</severity>
		<timestamp>Sun Apr 19 15:41:05 2020</timestamp>
		<arg name='path'>c:\program files (x86)\intelswtools\compilers_and_libraries_2020.0.166\windows\redist\intel64\mkl\libimalloc.dll</arg>
		<arg name='addr1'>0x27c14980000</arg>
		<arg name='addr2'>0x27c14983fff</arg>
	</msg>
	<!-- Module unloaded C:\Program Files (x86)\IntelSWTools\compilers_and_libraries_2020.0.166\windows\redist\intel64\mkl\libimalloc.dll -->
	<msg id='16' source='mc'>
		<type>MODULE_UNLOAD</type>
		<severity>INFO</severity>
		<timestamp>Sun Apr 19 15:41:05 2020</timestamp>
		<arg name='path'>C:\Program Files (x86)\IntelSWTools\compilers_and_libraries_2020.0.166\windows\redist\intel64\mkl\libimalloc.dll</arg>
	</msg>
	<!-- Module loaded c:\program files (x86)\intelswtools\compilers_and_libraries_2020.0.166\windows\redist\intel64\mkl\libimalloc.dll, address range [0x0000027c14980000-0x0000027c14983fff] -->
	<msg id='17' source='mc'>
		<type>MODULE_LOAD</type>
		<severity>INFO</severity>
		<timestamp>Sun Apr 19 15:41:05 2020</timestamp>
		<arg name='path'>c:\program files (x86)\intelswtools\compilers_and_libraries_2020.0.166\windows\redist\intel64\mkl\libimalloc.dll</arg>
		<arg name='addr1'>0x27c14980000</arg>
		<arg name='addr2'>0x27c14983fff</arg>
	</msg>
	<!-- Module unloaded C:\Program Files (x86)\IntelSWTools\compilers_and_libraries_2020.0.166\windows\redist\intel64\mkl\libimalloc.dll -->
	<msg id='18' source='mc'>
		<type>MODULE_UNLOAD</type>
		<severity>INFO</severity>
		<timestamp>Sun Apr 19 15:41:05 2020</timestamp>
		<arg name='path'>C:\Program Files (x86)\IntelSWTools\compilers_and_libraries_2020.0.166\windows\redist\intel64\mkl\libimalloc.dll</arg>
	</msg>
	<!-- Heartbeat, tids = 11520,15720,4296,12656, syscallStatus = 0,1,1,1, calls = 15926,0,0,0 -->
	<msg id='19' display='false' source='mc'>
		<type>HEARTBEAT</type>
		<severity>INFO</severity>
		<timestamp>Sun Apr 19 15:41:05 2020</timestamp>
		<arg name='tids'>11520,15720,4296,12656</arg>
		<arg name='syscalls'>0,1,1,1</arg>
		<arg name='calls'>15926,0,0,0</arg>
	</msg>
	<!-- Thread name changed, tid = 11520, name = OMP Master Thread #0 -->
	<msg id='20' display='false' source='mc'>
		<type>THREADNAME</type>
		<severity>INFO</severity>
		<timestamp>Sun Apr 19 15:41:06 2020</timestamp>
		<arg name='tid'>11520</arg>
		<arg name='name'>OMP Master Thread #0</arg>
	</msg>
	<!-- Heartbeat, tids = 11520,15720,4296,12656, syscallStatus = 0,1,1,1, calls = 13188,0,0,0 -->
	<msg id='21' display='false' source='mc'>
		<type>HEARTBEAT</type>
		<severity>INFO</severity>
		<timestamp>Sun Apr 19 15:41:06 2020</timestamp>
		<arg name='tids'>11520,15720,4296,12656</arg>
		<arg name='syscalls'>0,1,1,1</arg>
		<arg name='calls'>13188,0,0,0</arg>
	</msg>
	<!-- Module loaded c:\program files (x86)\intelswtools\compilers_and_libraries_2020.0.166\windows\redist\intel64\mkl\mkl_def.dll, address range [0x00007ffdeaa70000-0x00007ffdecc61fff] -->
	<msg id='22' source='mc'>
		<type>MODULE_LOAD</type>
		<severity>INFO</severity>
		<timestamp>Sun Apr 19 15:41:06 2020</timestamp>
		<arg name='path'>c:\program files (x86)\intelswtools\compilers_and_libraries_2020.0.166\windows\redist\intel64\mkl\mkl_def.dll</arg>
		<arg name='addr1'>0x7ffdeaa70000</arg>
		<arg name='addr2'>0x7ffdecc61fff</arg>
	</msg>
	<!-- Module loaded c:\program files (x86)\intelswtools\compilers_and_libraries_2020.0.166\windows\redist\intel64\mkl\mkl_vml_def.dll, address range [0x00007ffdf1850000-0x00007ffdf1ee4fff] -->
	<msg id='23' source='mc'>
		<type>MODULE_LOAD</type>
		<severity>INFO</severity>
		<timestamp>Sun Apr 19 15:41:07 2020</timestamp>
		<arg name='path'>c:\program files (x86)\intelswtools\compilers_and_libraries_2020.0.166\windows\redist\intel64\mkl\mkl_vml_def.dll</arg>
		<arg name='addr1'>0x7ffdf1850000</arg>
		<arg name='addr2'>0x7ffdf1ee4fff</arg>
	</msg>
	<!-- Heartbeat, tids = 11520,15720,4296,12656, syscallStatus = 0,1,1,1, calls = 12879,0,0,0 -->
	<msg id='24' display='false' source='mc'>
		<type>HEARTBEAT</type>
		<severity>INFO</severity>
		<timestamp>Sun Apr 19 15:41:07 2020</timestamp>
		<arg name='tids'>11520,15720,4296,12656</arg>
		<arg name='syscalls'>0,1,1,1</arg>
		<arg name='calls'>12879,0,0,0</arg>
	</msg>
	<!-- DIAG: 5 -->
	<!-- DIAG: 6 -->
	<!-- DIAG: 7 -->
	<!-- DIAG: 8 -->
	<!-- DIAG: 9 -->
	<!-- Heartbeat, tids = 11520,15720,4296,12656, syscallStatus = 0,1,1,1, calls = 35148,0,0,0 -->
	<msg id='25' display='false' source='mc'>
		<type>HEARTBEAT</type>
		<severity>INFO</severity>
		<timestamp>Sun Apr 19 15:41:08 2020</timestamp>
		<arg name='tids'>11520,15720,4296,12656</arg>
		<arg name='syscalls'>0,1,1,1</arg>
		<arg name='calls'>35148,0,0,0</arg>
	</msg>
	<!-- DIAG: 10 -->
	<!-- DIAG: 11 -->
	<!-- DIAG: 12 -->
	<!-- DIAG: 13 -->
	<!-- DIAG: 14 -->
	<!-- DIAG: 15 -->
	<!-- Heartbeat, tids = 11520,15720,4296,12656, syscallStatus = 0,1,1,1, calls = 129608,0,0,0 -->
	<msg id='26' display='false' source='mc'>
		<type>HEARTBEAT</type>
		<severity>INFO</severity>
		<timestamp>Sun Apr 19 15:41:09 2020</timestamp>
		<arg name='tids'>11520,15720,4296,12656</arg>
		<arg name='syscalls'>0,1,1,1</arg>
		<arg name='calls'>129608,0,0,0</arg>
	</msg>
	<!-- DIAG: 16 -->
	<!-- DIAG: 17 -->
	<!-- DIAG: 18 -->
	<!-- DIAG: 19 -->
	<!-- DIAG: 20 -->
	<!-- DIAG: 21 -->
	<!-- DIAG: 22 -->
	<!-- DIAG: 23 -->
	<!-- DIAG: 24 -->
	<!-- DIAG: 25 -->
	<!-- DIAG: 26 -->
	<!-- DIAG: 27 -->
	<!-- DIAG: 28 -->
	<!-- DIAG: 29 -->
	<!-- DIAG: 30 -->
	<!-- Heartbeat, tids = 11520,15720,4296,12656,6468,5320,12428,7212,7916,16284,1360,6508,15756,6228,11036,1464,4760,540,11208, syscallStatus = 0,1,1,1,1,1,0,1,1,1,1,1,1,1,1,1,1,1,1, calls = 20051,0,0,0,29,32,722,29,29,28,28,28,31,58,23,23,23,23,23 -->
	<msg id='27' display='false' source='mc'>
		<type>HEARTBEAT</type>
		<severity>INFO</severity>
		<timestamp>Sun Apr 19 15:41:10 2020</timestamp>
		<arg name='tids'>11520,15720,4296,12656,6468,5320,12428,7212,7916,16284,1360,6508,15756,6228,11036,1464,4760,540,11208</arg>
		<arg name='syscalls'>0,1,1,1,1,1,0,1,1,1,1,1,1,1,1,1,1,1,1</arg>
		<arg name='calls'>20051,0,0,0,29,32,722,29,29,28,28,28,31,58,23,23,23,23,23</arg>
	</msg>
	<!-- DIAG: 31 -->
	<!-- DIAG: 32 -->
	<!-- DIAG: 33 -->
	<!-- DIAG: 34 -->
	<!-- DIAG: 35 -->
	<!-- DIAG: 36 -->
	<!-- DIAG: 37 -->
	<!-- DIAG: 38 -->
	<!-- DIAG: 39 -->
	<!-- DIAG: 40 -->
	<!-- DIAG: 41 -->
	<!-- Thread name changed, tid = 6468, name = OMP Worker Thread #1 -->
	<msg id='28' display='false' source='mc'>
		<type>THREADNAME</type>
		<severity>INFO</severity>
		<timestamp>Sun Apr 19 15:41:11 2020</timestamp>
		<arg name='tid'>6468</arg>
		<arg name='name'>OMP Worker Thread #1</arg>
	</msg>
	<!-- Thread name changed, tid = 5320, name = OMP Worker Thread #2 -->
	<msg id='29' display='false' source='mc'>
		<type>THREADNAME</type>
		<severity>INFO</severity>
		<timestamp>Sun Apr 19 15:41:11 2020</timestamp>
		<arg name='tid'>5320</arg>
		<arg name='name'>OMP Worker Thread #2</arg>
	</msg>
	<!-- Thread name changed, tid = 12428, name = OMP Worker Thread #3 -->
	<msg id='30' display='false' source='mc'>
		<type>THREADNAME</type>
		<severity>INFO</severity>
		<timestamp>Sun Apr 19 15:41:11 2020</timestamp>
		<arg name='tid'>12428</arg>
		<arg name='name'>OMP Worker Thread #3</arg>
	</msg>
	<!-- Thread name changed, tid = 7212, name = OMP Worker Thread #4 -->
	<msg id='31' display='false' source='mc'>
		<type>THREADNAME</type>
		<severity>INFO</severity>
		<timestamp>Sun Apr 19 15:41:11 2020</timestamp>
		<arg name='tid'>7212</arg>
		<arg name='name'>OMP Worker Thread #4</arg>
	</msg>
	<!-- Thread name changed, tid = 7916, name = OMP Worker Thread #5 -->
	<msg id='32' display='false' source='mc'>
		<type>THREADNAME</type>
		<severity>INFO</severity>
		<timestamp>Sun Apr 19 15:41:11 2020</timestamp>
		<arg name='tid'>7916</arg>
		<arg name='name'>OMP Worker Thread #5</arg>
	</msg>
	<!-- Thread name changed, tid = 16284, name = OMP Worker Thread #6 -->
	<msg id='33' display='false' source='mc'>
		<type>THREADNAME</type>
		<severity>INFO</severity>
		<timestamp>Sun Apr 19 15:41:11 2020</timestamp>
		<arg name='tid'>16284</arg>
		<arg name='name'>OMP Worker Thread #6</arg>
	</msg>
	<!-- Thread name changed, tid = 1360, name = OMP Worker Thread #7 -->
	<msg id='34' display='false' source='mc'>
		<type>THREADNAME</type>
		<severity>INFO</severity>
		<timestamp>Sun Apr 19 15:41:11 2020</timestamp>
		<arg name='tid'>1360</arg>
		<arg name='name'>OMP Worker Thread #7</arg>
	</msg>
	<!-- Thread name changed, tid = 6508, name = OMP Worker Thread #8 -->
	<msg id='35' display='false' source='mc'>
		<type>THREADNAME</type>
		<severity>INFO</severity>
		<timestamp>Sun Apr 19 15:41:11 2020</timestamp>
		<arg name='tid'>6508</arg>
		<arg name='name'>OMP Worker Thread #8</arg>
	</msg>
	<!-- Thread name changed, tid = 15756, name = OMP Worker Thread #9 -->
	<msg id='36' display='false' source='mc'>
		<type>THREADNAME</type>
		<severity>INFO</severity>
		<timestamp>Sun Apr 19 15:41:11 2020</timestamp>
		<arg name='tid'>15756</arg>
		<arg name='name'>OMP Worker Thread #9</arg>
	</msg>
	<!-- Thread name changed, tid = 6228, name = OMP Worker Thread #10 -->
	<msg id='37' display='false' source='mc'>
		<type>THREADNAME</type>
		<severity>INFO</severity>
		<timestamp>Sun Apr 19 15:41:11 2020</timestamp>
		<arg name='tid'>6228</arg>
		<arg name='name'>OMP Worker Thread #10</arg>
	</msg>
	<!-- Thread name changed, tid = 11036, name = OMP Worker Thread #11 -->
	<msg id='38' display='false' source='mc'>
		<type>THREADNAME</type>
		<severity>INFO</severity>
		<timestamp>Sun Apr 19 15:41:11 2020</timestamp>
		<arg name='tid'>11036</arg>
		<arg name='name'>OMP Worker Thread #11</arg>
	</msg>
	<!-- Thread name changed, tid = 1464, name = OMP Worker Thread #12 -->
	<msg id='39' display='false' source='mc'>
		<type>THREADNAME</type>
		<severity>INFO</severity>
		<timestamp>Sun Apr 19 15:41:11 2020</timestamp>
		<arg name='tid'>1464</arg>
		<arg name='name'>OMP Worker Thread #12</arg>
	</msg>
	<!-- Thread name changed, tid = 4760, name = OMP Worker Thread #13 -->
	<msg id='40' display='false' source='mc'>
		<type>THREADNAME</type>
		<severity>INFO</severity>
		<timestamp>Sun Apr 19 15:41:11 2020</timestamp>
		<arg name='tid'>4760</arg>
		<arg name='name'>OMP Worker Thread #13</arg>
	</msg>
	<!-- Thread name changed, tid = 540, name = OMP Worker Thread #14 -->
	<msg id='41' display='false' source='mc'>
		<type>THREADNAME</type>
		<severity>INFO</severity>
		<timestamp>Sun Apr 19 15:41:11 2020</timestamp>
		<arg name='tid'>540</arg>
		<arg name='name'>OMP Worker Thread #14</arg>
	</msg>
	<!-- Thread name changed, tid = 11208, name = OMP Worker Thread #15 -->
	<msg id='42' display='false' source='mc'>
		<type>THREADNAME</type>
		<severity>INFO</severity>
		<timestamp>Sun Apr 19 15:41:11 2020</timestamp>
		<arg name='tid'>11208</arg>
		<arg name='name'>OMP Worker Thread #15</arg>
	</msg>
	<!-- Heartbeat, tids = 11520,15720,4296,12656,6468,5320,12428,7212,7916,16284,1360,6508,15756,6228,11036,1464,4760,540,11208, syscallStatus = 0,1,1,1,1,1,1,1,1,1,1,1,1,1,1,1,1,1,1, calls = 185077,0,0,0,82597,68095,53816,55304,27300,8118,7728,7588,7884,7970,7751,9026,7693,8393,7845 -->
	<msg id='43' display='false' source='mc'>
		<type>HEARTBEAT</type>
		<severity>INFO</severity>
		<timestamp>Sun Apr 19 15:41:11 2020</timestamp>
		<arg name='tids'>11520,15720,4296,12656,6468,5320,12428,7212,7916,16284,1360,6508,15756,6228,11036,1464,4760,540,11208</arg>
		<arg name='syscalls'>0,1,1,1,1,1,1,1,1,1,1,1,1,1,1,1,1,1,1</arg>
		<arg name='calls'>185077,0,0,0,82597,68095,53816,55304,27300,8118,7728,7588,7884,7970,7751,9026,7693,8393,7845</arg>
	</msg>
	<!-- Heartbeat, tids = 11520,15720,4296,12656,6468,5320,12428,7212,7916,16284,1360,6508,15756,6228,11036,1464,4760,540,11208, syscallStatus = 0,1,1,1,1,1,1,0,1,1,1,1,1,1,1,1,1,1,1, calls = 716661,0,0,0,313065,258160,203338,206154,92995,31515,29830,31250,31236,29975,32273,35892,31765,33330,29284 -->
	<msg id='44' display='false' source='mc'>
		<type>HEARTBEAT</type>
		<severity>INFO</severity>
		<timestamp>Sun Apr 19 15:41:12 2020</timestamp>
		<arg name='tids'>11520,15720,4296,12656,6468,5320,12428,7212,7916,16284,1360,6508,15756,6228,11036,1464,4760,540,11208</arg>
		<arg name='syscalls'>0,1,1,1,1,1,1,0,1,1,1,1,1,1,1,1,1,1,1</arg>
		<arg name='calls'>716661,0,0,0,313065,258160,203338,206154,92995,31515,29830,31250,31236,29975,32273,35892,31765,33330,29284</arg>
	</msg>
	<!-- Module loaded c:\windows\system32\kernel.appcore.dll, address range [0x00007ffe7a7e0000-0x00007ffe7a7f0fff] -->
	<msg id='45' source='mc'>
		<type>MODULE_LOAD</type>
		<severity>INFO</severity>
		<timestamp>Sun Apr 19 15:41:13 2020</timestamp>
		<arg name='path'>c:\windows\system32\kernel.appcore.dll</arg>
		<arg name='addr1'>0x7ffe7a7e0000</arg>
		<arg name='addr2'>0x7ffe7a7f0fff</arg>
	</msg>
	<!-- Module loaded c:\windows\system32\msvcrt.dll, address range [0x00007ffe7bb20000-0x00007ffe7bbbdfff] -->
	<msg id='46' source='mc'>
		<type>MODULE_LOAD</type>
		<severity>INFO</severity>
		<timestamp>Sun Apr 19 15:41:13 2020</timestamp>
		<arg name='path'>c:\windows\system32\msvcrt.dll</arg>
		<arg name='addr1'>0x7ffe7bb20000</arg>
		<arg name='addr2'>0x7ffe7bbbdfff</arg>
	</msg>
	<!-- Module loaded c:\windows\system32\rpcrt4.dll, address range [0x00007ffe7c0d0000-0x00007ffe7c1effff] -->
	<msg id='47' source='mc'>
		<type>MODULE_LOAD</type>
		<severity>INFO</severity>
		<timestamp>Sun Apr 19 15:41:13 2020</timestamp>
		<arg name='path'>c:\windows\system32\rpcrt4.dll</arg>
		<arg name='addr1'>0x7ffe7c0d0000</arg>
		<arg name='addr2'>0x7ffe7c1effff</arg>
	</msg>
	<!-- DIAG: 42 -->
	<!-- DIAG: 43 -->
	<!-- DIAG: 44 -->
	<!-- DIAG: 45 -->
	<!-- DIAG: 46 -->
	<!-- DIAG: 47 -->
	<!-- DIAG: 48 -->
	<!-- DIAG: 49 -->
	<!-- DIAG: 50 -->
	<!-- DIAG: 51 -->
	<!-- DIAG: 52 -->
	<!-- DIAG: 53 -->
	<!-- DIAG: 54 -->
	<!-- DIAG: 55 -->
	<!-- DIAG: 56 -->
	<!-- DIAG: 57 -->
	<!-- DIAG: 58 -->
	<!-- DIAG: 59 -->
	<!-- DIAG: 60 -->
	<!-- Process c:\users\77swi\onedrive\study_more\master - ikw\numeryka kwantowa\budowabazy\x64\debug\budowabazy.exe exited with code 0. Leak analysis starting - this may take a while. -->
	<msg id='48' source='mc'>
		<type>PROCESS_COMPLETE</type>
		<severity>INFO</severity>
		<timestamp>Sun Apr 19 15:41:14 2020</timestamp>
		<arg name='path'>c:\users\77swi\onedrive\study_more\master - ikw\numeryka kwantowa\budowabazy\x64\debug\budowabazy.exe</arg>
		<arg name='code'>0</arg>
	</msg>
	<!-- Module unloaded C:\Users\77swi\OneDrive\STUDY_MORE\Master - IKW\Numeryka Kwantowa\BudowaBazy\x64\Debug\BudowaBazy.exe -->
	<msg id='49' source='mc'>
		<type>MODULE_UNLOAD</type>
		<severity>INFO</severity>
		<timestamp>Sun Apr 19 15:41:14 2020</timestamp>
		<arg name='path'>C:\Users\77swi\OneDrive\STUDY_MORE\Master - IKW\Numeryka Kwantowa\BudowaBazy\x64\Debug\BudowaBazy.exe</arg>
	</msg>
	<!-- Module unloaded C:\WINDOWS\System32\KERNELBASE.dll -->
	<msg id='50' source='mc'>
		<type>MODULE_UNLOAD</type>
		<severity>INFO</severity>
		<timestamp>Sun Apr 19 15:41:14 2020</timestamp>
		<arg name='path'>C:\WINDOWS\System32\KERNELBASE.dll</arg>
	</msg>
	<!-- Module unloaded C:\WINDOWS\System32\KERNEL32.DLL -->
	<msg id='51' source='mc'>
		<type>MODULE_UNLOAD</type>
		<severity>INFO</severity>
		<timestamp>Sun Apr 19 15:41:14 2020</timestamp>
		<arg name='path'>C:\WINDOWS\System32\KERNEL32.DLL</arg>
	</msg>
	<!-- Module unloaded C:\WINDOWS\SYSTEM32\ntdll.dll -->
	<msg id='52' source='mc'>
		<type>MODULE_UNLOAD</type>
		<severity>INFO</severity>
		<timestamp>Sun Apr 19 15:41:14 2020</timestamp>
		<arg name='path'>C:\WINDOWS\SYSTEM32\ntdll.dll</arg>
	</msg>
	<!-- Module unloaded C:\WINDOWS\SYSTEM32\MSVCP140D.dll -->
	<msg id='53' source='mc'>
		<type>MODULE_UNLOAD</type>
		<severity>INFO</severity>
		<timestamp>Sun Apr 19 15:41:14 2020</timestamp>
		<arg name='path'>C:\WINDOWS\SYSTEM32\MSVCP140D.dll</arg>
	</msg>
	<!-- Module unloaded C:\Program Files (x86)\IntelSWTools\compilers_and_libraries_2020.0.166\windows\redist\intel64\mkl\mkl_core.dll -->
	<msg id='54' source='mc'>
		<type>MODULE_UNLOAD</type>
		<severity>INFO</severity>
		<timestamp>Sun Apr 19 15:41:14 2020</timestamp>
		<arg name='path'>C:\Program Files (x86)\IntelSWTools\compilers_and_libraries_2020.0.166\windows\redist\intel64\mkl\mkl_core.dll</arg>
	</msg>
	<!-- Module unloaded C:\Program Files (x86)\IntelSWTools\compilers_and_libraries_2020.0.166\windows\redist\intel64\mkl\mkl_intel_thread.dll -->
	<msg id='55' source='mc'>
		<type>MODULE_UNLOAD</type>
		<severity>INFO</severity>
		<timestamp>Sun Apr 19 15:41:14 2020</timestamp>
		<arg name='path'>C:\Program Files (x86)\IntelSWTools\compilers_and_libraries_2020.0.166\windows\redist\intel64\mkl\mkl_intel_thread.dll</arg>
	</msg>
	<!-- Module unloaded C:\Program Files (x86)\IntelSWTools\compilers_and_libraries_2020\windows\redist\intel64\compiler\libiomp5md.dll -->
	<msg id='56' source='mc'>
		<type>MODULE_UNLOAD</type>
		<severity>INFO</severity>
		<timestamp>Sun Apr 19 15:41:14 2020</timestamp>
		<arg name='path'>C:\Program Files (x86)\IntelSWTools\compilers_and_libraries_2020\windows\redist\intel64\compiler\libiomp5md.dll</arg>
	</msg>
	<!-- Module unloaded C:\WINDOWS\SYSTEM32\VCRUNTIME140_1D.dll -->
	<msg id='57' source='mc'>
		<type>MODULE_UNLOAD</type>
		<severity>INFO</severity>
		<timestamp>Sun Apr 19 15:41:14 2020</timestamp>
		<arg name='path'>C:\WINDOWS\SYSTEM32\VCRUNTIME140_1D.dll</arg>
	</msg>
	<!-- Module unloaded C:\WINDOWS\SYSTEM32\ucrtbased.dll -->
	<msg id='58' source='mc'>
		<type>MODULE_UNLOAD</type>
		<severity>INFO</severity>
		<timestamp>Sun Apr 19 15:41:14 2020</timestamp>
		<arg name='path'>C:\WINDOWS\SYSTEM32\ucrtbased.dll</arg>
	</msg>
	<!-- Module unloaded C:\WINDOWS\SYSTEM32\VCRUNTIME140D.dll -->
	<msg id='59' source='mc'>
		<type>MODULE_UNLOAD</type>
		<severity>INFO</severity>
		<timestamp>Sun Apr 19 15:41:14 2020</timestamp>
		<arg name='path'>C:\WINDOWS\SYSTEM32\VCRUNTIME140D.dll</arg>
	</msg>
	<!-- Module unloaded C:\Program Files (x86)\IntelSWTools\Inspector 2020\bin64\runtime\libittnotify.dll -->
	<msg id='60' source='mc'>
		<type>MODULE_UNLOAD</type>
		<severity>INFO</severity>
		<timestamp>Sun Apr 19 15:41:14 2020</timestamp>
		<arg name='path'>C:\Program Files (x86)\IntelSWTools\Inspector 2020\bin64\runtime\libittnotify.dll</arg>
	</msg>
	<!-- Module unloaded C:\Program Files (x86)\IntelSWTools\compilers_and_libraries_2020.0.166\windows\redist\intel64\mkl\mkl_def.dll -->
	<msg id='61' source='mc'>
		<type>MODULE_UNLOAD</type>
		<severity>INFO</severity>
		<timestamp>Sun Apr 19 15:41:14 2020</timestamp>
		<arg name='path'>C:\Program Files (x86)\IntelSWTools\compilers_and_libraries_2020.0.166\windows\redist\intel64\mkl\mkl_def.dll</arg>
	</msg>
	<!-- Module unloaded C:\Program Files (x86)\IntelSWTools\compilers_and_libraries_2020.0.166\windows\redist\intel64\mkl\mkl_vml_def.dll -->
	<msg id='62' source='mc'>
		<type>MODULE_UNLOAD</type>
		<severity>INFO</severity>
		<timestamp>Sun Apr 19 15:41:14 2020</timestamp>
		<arg name='path'>C:\Program Files (x86)\IntelSWTools\compilers_and_libraries_2020.0.166\windows\redist\intel64\mkl\mkl_vml_def.dll</arg>
	</msg>
	<!-- Module unloaded C:\WINDOWS\System32\kernel.appcore.dll -->
	<msg id='63' source='mc'>
		<type>MODULE_UNLOAD</type>
		<severity>INFO</severity>
		<timestamp>Sun Apr 19 15:41:14 2020</timestamp>
		<arg name='path'>C:\WINDOWS\System32\kernel.appcore.dll</arg>
	</msg>
	<!-- Module unloaded C:\WINDOWS\System32\msvcrt.dll -->
	<msg id='64' source='mc'>
		<type>MODULE_UNLOAD</type>
		<severity>INFO</severity>
		<timestamp>Sun Apr 19 15:41:14 2020</timestamp>
		<arg name='path'>C:\WINDOWS\System32\msvcrt.dll</arg>
	</msg>
	<!-- Module unloaded C:\WINDOWS\System32\RPCRT4.dll -->
	<msg id='65' source='mc'>
		<type>MODULE_UNLOAD</type>
		<severity>INFO</severity>
		<timestamp>Sun Apr 19 15:41:14 2020</timestamp>
		<arg name='path'>C:\WINDOWS\System32\RPCRT4.dll</arg>
	</msg>
	<!-- DIAG: 61 -->
	<!-- Unable to lookup RVA for address 0x7ffe1fff6c43. Stack frame will not be reported. -->
	<!-- Unable to lookup RVA for address 0x7ffe1fff2a12. Stack frame will not be reported. -->
	<!-- Unable to lookup RVA for address 0x7ffe1fff14a2. Stack frame will not be reported. -->
	<!-- Unable to lookup RVA for address 0x7ffe1fff15a7. Stack frame will not be reported. -->
	<!-- DIAG: 62 -->
	<!-- Unable to lookup RVA for address 0x7ffe1fff6c43. Stack frame will not be reported. -->
	<!-- Unable to lookup RVA for address 0x7ffe1fff2a12. Stack frame will not be reported. -->
	<!-- Unable to lookup RVA for address 0x7ffe1fff14a2. Stack frame will not be reported. -->
	<!-- Unable to lookup RVA for address 0x7ffe1fff15a7. Stack frame will not be reported. -->
	<!-- DIAG: 63 -->
	<!-- Unable to lookup RVA for address 0x7ffe1fff6c43. Stack frame will not be reported. -->
	<!-- Unable to lookup RVA for address 0x7ffe1fff2a12. Stack frame will not be reported. -->
	<!-- Unable to lookup RVA for address 0x7ffe1fff14a2. Stack frame will not be reported. -->
	<!-- Unable to lookup RVA for address 0x7ffe1fff15a7. Stack frame will not be reported. -->
	<!-- DIAG: 64 -->
	<!-- Unable to lookup RVA for address 0x7ffe1fff6c43. Stack frame will not be reported. -->
	<!-- Unable to lookup RVA for address 0x7ffe1fff2a12. Stack frame will not be reported. -->
	<!-- Unable to lookup RVA for address 0x7ffe1fff14a2. Stack frame will not be reported. -->
	<!-- Unable to lookup RVA for address 0x7ffe1fff15a7. Stack frame will not be reported. -->
	<!-- DIAG: 65 -->
	<!-- Unable to lookup RVA for address 0x7ffe1fff6c43. Stack frame will not be reported. -->
	<!-- Unable to lookup RVA for address 0x7ffe1fff2a12. Stack frame will not be reported. -->
	<!-- Unable to lookup RVA for address 0x7ffe1fff14a2. Stack frame will not be reported. -->
	<!-- Unable to lookup RVA for address 0x7ffe1fff15a7. Stack frame will not be reported. -->
	<!-- DIAG: 66 -->
	<!-- Unable to lookup RVA for address 0x7ffe1fff6c43. Stack frame will not be reported. -->
	<!-- Unable to lookup RVA for address 0x7ffe1fff2a12. Stack frame will not be reported. -->
	<!-- Unable to lookup RVA for address 0x7ffe1fff14a2. Stack frame will not be reported. -->
	<!-- Unable to lookup RVA for address 0x7ffe1fff15a7. Stack frame will not be reported. -->
	<!-- DIAG: 67 -->
	<!-- Unable to lookup RVA for address 0x7ffe1fff6c43. Stack frame will not be reported. -->
	<!-- Unable to lookup RVA for address 0x7ffe1fff2a12. Stack frame will not be reported. -->
	<!-- Unable to lookup RVA for address 0x7ffe1fff14a2. Stack frame will not be reported. -->
	<!-- Unable to lookup RVA for address 0x7ffe1fff15a7. Stack frame will not be reported. -->
	<!-- DIAG: 68 -->
	<!-- Unable to lookup RVA for address 0x7ffe1fff6c43. Stack frame will not be reported. -->
	<!-- Unable to lookup RVA for address 0x7ffe1fff2a12. Stack frame will not be reported. -->
	<!-- Unable to lookup RVA for address 0x7ffe1fff14a2. Stack frame will not be reported. -->
	<!-- Unable to lookup RVA for address 0x7ffe1fff15a7. Stack frame will not be reported. -->
	<!-- DIAG: 69 -->
	<!-- Unable to lookup RVA for address 0x7ffe1fff6c43. Stack frame will not be reported. -->
	<!-- Unable to lookup RVA for address 0x7ffe1fff2a12. Stack frame will not be reported. -->
	<!-- Unable to lookup RVA for address 0x7ffe1fff14a2. Stack frame will not be reported. -->
	<!-- Unable to lookup RVA for address 0x7ffe1fff15a7. Stack frame will not be reported. -->
	<!-- DIAG: 70 -->
	<!-- Unable to lookup RVA for address 0x7ffe1fff6c43. Stack frame will not be reported. -->
	<!-- Unable to lookup RVA for address 0x7ffe1fff2a12. Stack frame will not be reported. -->
	<!-- Unable to lookup RVA for address 0x7ffe1fff14a2. Stack frame will not be reported. -->
	<!-- Unable to lookup RVA for address 0x7ffe1fff15a7. Stack frame will not be reported. -->
	<!-- DIAG: 71 -->
	<!-- Unable to lookup RVA for address 0x7ffe1fff6c43. Stack frame will not be reported. -->
	<!-- Unable to lookup RVA for address 0x7ffe1fff2a12. Stack frame will not be reported. -->
	<!-- Unable to lookup RVA for address 0x7ffe1fff14a2. Stack frame will not be reported. -->
	<!-- Unable to lookup RVA for address 0x7ffe1fff15a7. Stack frame will not be reported. -->
	<!-- DIAG: 72 -->
	<!-- Unable to lookup RVA for address 0x7ffe1fff6c43. Stack frame will not be reported. -->
	<!-- Unable to lookup RVA for address 0x7ffe1fff2a12. Stack frame will not be reported. -->
	<!-- Unable to lookup RVA for address 0x7ffe1fff14a2. Stack frame will not be reported. -->
	<!-- Unable to lookup RVA for address 0x7ffe1fff15a7. Stack frame will not be reported. -->
	<!-- DIAG: 73 -->
	<!-- Unable to lookup RVA for address 0x7ffe1fff6c43. Stack frame will not be reported. -->
	<!-- Unable to lookup RVA for address 0x7ffe1fff2a12. Stack frame will not be reported. -->
	<!-- Unable to lookup RVA for address 0x7ffe1fff14a2. Stack frame will not be reported. -->
	<!-- Unable to lookup RVA for address 0x7ffe1fff15a7. Stack frame will not be reported. -->
	<!-- DIAG: 74 -->
	<!-- Unable to lookup RVA for address 0x7ffe1fff6c43. Stack frame will not be reported. -->
	<!-- Unable to lookup RVA for address 0x7ffe1fff2a12. Stack frame will not be reported. -->
	<!-- Unable to lookup RVA for address 0x7ffe1fff14a2. Stack frame will not be reported. -->
	<!-- Unable to lookup RVA for address 0x7ffe1fff15a7. Stack frame will not be reported. -->
	<!-- DIAG: 75 -->
	<!-- Unable to lookup RVA for address 0x7ffe1fff6c43. Stack frame will not be reported. -->
	<!-- Unable to lookup RVA for address 0x7ffe1fff2a12. Stack frame will not be reported. -->
	<!-- Unable to lookup RVA for address 0x7ffe1fff14a2. Stack frame will not be reported. -->
	<!-- Unable to lookup RVA for address 0x7ffe1fff15a7. Stack frame will not be reported. -->
	<!-- DIAG: 76 -->
	<!-- DIAG: 77 -->
	<!-- Analysis completed for c:\users\77swi\onedrive\study_more\master - ikw\numeryka kwantowa\budowabazy\x64\debug\budowabazy.exe -->
	<msg id='66' source='mc'>
		<type>ANALYSIS_COMPLETE</type>
		<severity>INFO</severity>
		<timestamp>Sun Apr 19 15:41:14 2020</timestamp>
		<arg name='path'>c:\users\77swi\onedrive\study_more\master - ikw\numeryka kwantowa\budowabazy\x64\debug\budowabazy.exe</arg>
	</msg>